27 81
25 75
54 162
77 231
66 198
24 72
22 66
17 51
16 48
88 264
20 60
15 45
26 78
48 144
14 42
18 54
13 39
9 27
86 258
8 24
92 276
3 9
91 273
60 180
56 168
53 159
59 177
47 141
82 246
96 288
67 201
71 213
40 120
43 129
29 87
83 249
6 18
28 84
70 210
42 126
61 183
74 222
35 105
44 132
32 96
72 216
5 15
23 69
50 150
68 204
19 57
45 135
62 186
85 255
39 117
12 36
49 147
58 174
7 21
36 108
34 102
46 138
38 114
30 90
33 99
11 33
31 93
57 171
89 267
94 282
95 285
51 153
87 261
90 270
97 291
99 297
98 294
41 123
63 189
21 63
65 195
69 207
73 219
75 225
64 192
79 237
78 234
93 279
81 243
2 6
4 12
80 240
76 228
37 111
55 165
84 252
10 30
0 0
52 156
1 3
